<?xml version="1.0" encoding="UTF-8"?>
<!-- Generated by org.testng.reporters.JUnitXMLReporter -->
<testsuite ignored="0" hostname="DESKTOP-NM9IDEI" failures="0" tests="4" name="LoginTests" time="0.637" errors="0" timestamp="2025-08-04T15:26:55 IST">
  <testcase classname="Janitri.Login_Automation.BaseTest" name="@BeforeMethod setUp" time="0.546">
    <failure type="java.lang.NoSuchMethodError" message="&amp;apos;void org.openqa.selenium.chrome.ChromeDriverService$Builder.parseLogOutput(java.lang.String)&amp;apos;">
      <![CDATA[java.lang.NoSuchMethodError: 'void org.openqa.selenium.chrome.ChromeDriverService$Builder.parseLogOutput(java.lang.String)'
at org.openqa.selenium.chrome.ChromeDriverService$Builder.loadSystemProperties(ChromeDriverService.java:257)
at org.openqa.selenium.remote.service.DriverService$Builder.build(DriverService.java:489)
at org.openqa.selenium.chrome.ChromeDriverService.createDefaultService(ChromeDriverService.java:137)
at org.openqa.selenium.chrome.ChromeDriver.<init>(ChromeDriver.java:52)
at Janitri.Login_Automation.BaseTest.setUp(BaseTest.java:20)
at java.base/java.util.ArrayList.forEach(ArrayList.java:1596)
... Removed 29 stack frames]]>
    </failure>
  </testcase> <!-- @BeforeMethod setUp -->
  <testcase classname="Janitri.Login_Automation.LoginTest" name="@BeforeMethod initPage" time="0.0">
    <skipped/>
  </testcase> <!-- @BeforeMethod initPage -->
  <testcase classname="Janitri.Login_Automation.BaseTest" name="@AfterMethod tearDown" time="0.0">
    <skipped/>
  </testcase> <!-- @AfterMethod tearDown -->
  <testcase classname="Janitri.Login_Automation.BaseTest" name="@BeforeMethod setUp" time="0.0">
    <skipped/>
  </testcase> <!-- @BeforeMethod setUp -->
  <testcase classname="Janitri.Login_Automation.LoginTest" name="@BeforeMethod initPage" time="0.0">
    <skipped/>
  </testcase> <!-- @BeforeMethod initPage -->
  <testcase classname="Janitri.Login_Automation.BaseTest" name="@AfterMethod tearDown" time="0.0">
    <skipped/>
  </testcase> <!-- @AfterMethod tearDown -->
  <testcase classname="Janitri.Login_Automation.BaseTest" name="@BeforeMethod setUp" time="0.0">
    <skipped/>
  </testcase> <!-- @BeforeMethod setUp -->
  <testcase classname="Janitri.Login_Automation.LoginTest" name="@BeforeMethod initPage" time="0.0">
    <skipped/>
  </testcase> <!-- @BeforeMethod initPage -->
  <testcase classname="Janitri.Login_Automation.BaseTest" name="@AfterMethod tearDown" time="0.0">
    <skipped/>
  </testcase> <!-- @AfterMethod tearDown -->
  <testcase classname="Janitri.Login_Automation.BaseTest" name="@BeforeMethod setUp" time="0.0">
    <skipped/>
  </testcase> <!-- @BeforeMethod setUp -->
  <testcase classname="Janitri.Login_Automation.LoginTest" name="@BeforeMethod initPage" time="0.0">
    <skipped/>
  </testcase> <!-- @BeforeMethod initPage -->
  <testcase classname="Janitri.Login_Automation.BaseTest" name="@AfterMethod tearDown" time="0.0">
    <skipped/>
  </testcase> <!-- @AfterMethod tearDown -->
  <testcase classname="Janitri.Login_Automation.LoginTest" name="testInvalidLoginShowErrorMsg" time="0.0">
    <skipped/>
  </testcase> <!-- testInvalidLoginShowErrorMsg -->
  <testcase classname="Janitri.Login_Automation.LoginTest" name="testLoginButtonDisabledWhenFieldAreEmpty" time="0.0">
    <skipped/>
  </testcase> <!-- testLoginButtonDisabledWhenFieldAreEmpty -->
  <testcase classname="Janitri.Login_Automation.LoginTest" name="testPageElementPresence" time="0.0">
    <skipped/>
  </testcase> <!-- testPageElementPresence -->
  <testcase classname="Janitri.Login_Automation.LoginTest" name="testPasswordMaskedbutton" time="0.001">
    <skipped/>
  </testcase> <!-- testPasswordMaskedbutton -->
</testsuite> <!-- LoginTests -->
